# JRE version: OpenJDK Runtime Environment Temurin-21.0.9+10 (21.0.9+10) (build 21.0.9+10-LTS)
# Java VM: OpenJDK 64-Bit Server VM Temurin-21.0.9+10 (21.0.9+10-LTS, mixed mode, sharing, tiered, compressed oops, compressed class ptrs, parallel gc, windows-amd64)
GC Precious Log:
 CardTable entry size: 512
 CPUs: 16 total, 16 available
 Memory: 16131M
 Large Page Support: Disabled
 NUMA Support: Disabled
 Compressed Oops: Enabled (32-bit)
 Alignments: Space 512K, Generation 512K, Heap 2M
 Heap Min Capacity: 100M
 Heap Initial Capacity: 100M
 Heap Max Capacity: 2G
 Pre-touch: Disabled
 Parallel Workers: 13
Heap:
 PSYoungGen      total 6656K, used 5447K [0x00000000d5580000, 0x00000000d5e00000, 0x0000000100000000)
  eden space 6144K, 82% used [0x00000000d5580000,0x00000000d5a71e40,0x00000000d5b80000)
  from space 512K, 75% used [0x00000000d5d80000,0x00000000d5de0000,0x00000000d5e00000)
  to   space 1024K, 0% used [0x00000000d5c00000,0x00000000d5c00000,0x00000000d5d00000)
 ParOldGen       total 203776K, used 203745K [0x0000000080000000, 0x000000008c700000, 0x00000000d5580000)
  object space 203776K, 99% used [0x0000000080000000,0x000000008c6f8568,0x000000008c700000)
 Metaspace       used 76244K, committed 77888K, reserved 1179648K
  class space    used 7904K, committed 8640K, reserved 1048576K
GC Heap History (20 events):
Event: 263.215 GC heap before
{Heap before GC invocations=102 (full 3):
 PSYoungGen      total 8704K, used 8674K [0x00000000d5580000, 0x00000000d6700000, 0x0000000100000000)
  eden space 6656K, 100% used [0x00000000d5580000,0x00000000d5c00000,0x00000000d5c00000)
  from space 2048K, 98% used [0x00000000d6080000,0x00000000d6278890,0x00000000d6280000)
  to   space 4608K, 0% used [0x00000000d5c00000,0x00000000d5c00000,0x00000000d6080000)
 ParOldGen       total 195584K, used 195351K [0x0000000080000000, 0x000000008bf00000, 0x00000000d5580000)
  object space 195584K, 99% used [0x0000000080000000,0x000000008bec5dd8,0x000000008bf00000)
 Metaspace       used 75806K, committed 77440K, reserved 1179648K
  class space    used 7894K, committed 8576K, reserved 1048576K
}
Event: 263.217 GC heap after
{Heap after GC invocations=102 (full 3):
 PSYoungGen      total 10240K, used 3254K [0x00000000d5580000, 0x00000000d6300000, 0x0000000100000000)
  eden space 6656K, 0% used [0x00000000d5580000,0x00000000d5580000,0x00000000d5c00000)
  from space 3584K, 90% used [0x00000000d5c00000,0x00000000d5f2dab0,0x00000000d5f80000)
  to   space 3584K, 0% used [0x00000000d5f80000,0x00000000d5f80000,0x00000000d6300000)
 ParOldGen       total 196096K, used 195887K [0x0000000080000000, 0x000000008bf80000, 0x00000000d5580000)
  object space 196096K, 99% used [0x0000000080000000,0x000000008bf4be38,0x000000008bf80000)
 Metaspace       used 75806K, committed 77440K, reserved 1179648K
  class space    used 7894K, committed 8576K, reserved 1048576K
}
Event: 263.228 GC heap before
{Heap before GC invocations=103 (full 3):
 PSYoungGen      total 10240K, used 9910K [0x00000000d5580000, 0x00000000d6300000, 0x0000000100000000)
  eden space 6656K, 100% used [0x00000000d5580000,0x00000000d5c00000,0x00000000d5c00000)
  from space 3584K, 90% used [0x00000000d5c00000,0x00000000d5f2dab0,0x00000000d5f80000)
  to   space 3584K, 0% used [0x00000000d5f80000,0x00000000d5f80000,0x00000000d6300000)
 ParOldGen       total 196096K, used 195887K [0x0000000080000000, 0x000000008bf80000, 0x00000000d5580000)
  object space 196096K, 99% used [0x0000000080000000,0x000000008bf4be38,0x000000008bf80000)
 Metaspace       used 75830K, committed 77440K, reserved 1179648K
  class space    used 7895K, committed 8576K, reserved 1048576K
}
Event: 263.230 GC heap after
{Heap after GC invocations=103 (full 3):
 PSYoungGen      total 7680K, used 948K [0x00000000d5580000, 0x00000000d6080000, 0x0000000100000000)
  eden space 6656K, 0% used [0x00000000d5580000,0x00000000d5580000,0x00000000d5c00000)
  from space 1024K, 92% used [0x00000000d5f80000,0x00000000d606d200,0x00000000d6080000)
  to   space 2048K, 0% used [0x00000000d5c80000,0x00000000d5c80000,0x00000000d5e80000)
 ParOldGen       total 196608K, used 196350K [0x0000000080000000, 0x000000008c000000, 0x00000000d5580000)
  object space 196608K, 99% used [0x0000000080000000,0x000000008bfbf8d8,0x000000008c000000)
 Metaspace       used 75830K, committed 77440K, reserved 1179648K
  class space    used 7895K, committed 8576K, reserved 1048576K
}
Event: 263.242 GC heap before
{Heap before GC invocations=104 (full 3):
 PSYoungGen      total 7680K, used 7604K [0x00000000d5580000, 0x00000000d6080000, 0x0000000100000000)
  eden space 6656K, 100% used [0x00000000d5580000,0x00000000d5c00000,0x00000000d5c00000)
  from space 1024K, 92% used [0x00000000d5f80000,0x00000000d606d200,0x00000000d6080000)
  to   space 2048K, 0% used [0x00000000d5c80000,0x00000000d5c80000,0x00000000d5e80000)
 ParOldGen       total 196608K, used 196350K [0x0000000080000000, 0x000000008c000000, 0x00000000d5580000)
  object space 196608K, 99% used [0x0000000080000000,0x000000008bfbf8d8,0x000000008c000000)
 Metaspace       used 75833K, committed 77440K, reserved 1179648K
  class space    used 7895K, committed 8576K, reserved 1048576K
}
Event: 263.243 GC heap after
{Heap after GC invocations=104 (full 3):
 PSYoungGen      total 8704K, used 896K [0x00000000d5580000, 0x00000000d6000000, 0x0000000100000000)
  eden space 6656K, 0% used [0x00000000d5580000,0x00000000d5580000,0x00000000d5c00000)
  from space 2048K, 43% used [0x00000000d5c80000,0x00000000d5d60000,0x00000000d5e80000)
  to   space 1536K, 0% used [0x00000000d5e80000,0x00000000d5e80000,0x00000000d6000000)
 ParOldGen       total 197632K, used 197145K [0x0000000080000000, 0x000000008c100000, 0x00000000d5580000)
  object space 197632K, 99% used [0x0000000080000000,0x000000008c0865f8,0x000000008c100000)
 Metaspace       used 75833K, committed 77440K, reserved 1179648K
  class space    used 7895K, committed 8576K, reserved 1048576K
}
Event: 263.259 GC heap before
{Heap before GC invocations=105 (full 3):
 PSYoungGen      total 8704K, used 7552K [0x00000000d5580000, 0x00000000d6000000, 0x0000000100000000)
  eden space 6656K, 100% used [0x00000000d5580000,0x00000000d5c00000,0x00000000d5c00000)
  from space 2048K, 43% used [0x00000000d5c80000,0x00000000d5d60000,0x00000000d5e80000)
  to   space 1536K, 0% used [0x00000000d5e80000,0x00000000d5e80000,0x00000000d6000000)
 ParOldGen       total 197632K, used 197145K [0x0000000080000000, 0x000000008c100000, 0x00000000d5580000)
  object space 197632K, 99% used [0x0000000080000000,0x000000008c0865f8,0x000000008c100000)
 Metaspace       used 75863K, committed 77568K, reserved 1179648K
  class space    used 7896K, committed 8640K, reserved 1048576K
}
Event: 263.260 GC heap after
{Heap after GC invocations=105 (full 3):
 PSYoungGen      total 8192K, used 1362K [0x00000000d5580000, 0x00000000d6000000, 0x0000000100000000)
  eden space 6656K, 0% used [0x00000000d5580000,0x00000000d5580000,0x00000000d5c00000)
  from space 1536K, 88% used [0x00000000d5e80000,0x00000000d5fd48a0,0x00000000d6000000)
  to   space 1536K, 0% used [0x00000000d5d00000,0x00000000d5d00000,0x00000000d5e80000)
 ParOldGen       total 198144K, used 197852K [0x0000000080000000, 0x000000008c180000, 0x00000000d5580000)
  object space 198144K, 99% used [0x0000000080000000,0x000000008c1373d8,0x000000008c180000)
 Metaspace       used 75863K, committed 77568K, reserved 1179648K
  class space    used 7896K, committed 8640K, reserved 1048576K
}
Event: 263.275 GC heap before
{Heap before GC invocations=106 (full 3):
 PSYoungGen      total 8192K, used 8018K [0x00000000d5580000, 0x00000000d6000000, 0x0000000100000000)
  eden space 6656K, 99% used [0x00000000d5580000,0x00000000d5bfffe8,0x00000000d5c00000)
  from space 1536K, 88% used [0x00000000d5e80000,0x00000000d5fd48a0,0x00000000d6000000)
  to   space 1536K, 0% used [0x00000000d5d00000,0x00000000d5d00000,0x00000000d5e80000)
 ParOldGen       total 198144K, used 197852K [0x0000000080000000, 0x000000008c180000, 0x00000000d5580000)
  object space 198144K, 99% used [0x0000000080000000,0x000000008c1373d8,0x000000008c180000)
 Metaspace       used 75872K, committed 77568K, reserved 1179648K
  class space    used 7897K, committed 8640K, reserved 1048576K
}
Event: 263.276 GC heap after
{Heap after GC invocations=106 (full 3):
 PSYoungGen      total 8192K, used 1026K [0x00000000d5580000, 0x00000000d5f00000, 0x0000000100000000)
  eden space 6656K, 0% used [0x00000000d5580000,0x00000000d5580000,0x00000000d5c00000)
  from space 1536K, 66% used [0x00000000d5d00000,0x00000000d5e00890,0x00000000d5e80000)
  to   space 512K, 0% used [0x00000000d5e80000,0x00000000d5e80000,0x00000000d5f00000)
 ParOldGen       total 198656K, used 198448K [0x0000000080000000, 0x000000008c200000, 0x00000000d5580000)
  object space 198656K, 99% used [0x0000000080000000,0x000000008c1cc1b8,0x000000008c200000)
 Metaspace       used 75872K, committed 77568K, reserved 1179648K
  class space    used 7897K, committed 8640K, reserved 1048576K
}
Event: 263.292 GC heap before
{Heap before GC invocations=107 (full 3):
 PSYoungGen      total 8192K, used 7682K [0x00000000d5580000, 0x00000000d5f00000, 0x0000000100000000)
  eden space 6656K, 100% used [0x00000000d5580000,0x00000000d5c00000,0x00000000d5c00000)
  from space 1536K, 66% used [0x00000000d5d00000,0x00000000d5e00890,0x00000000d5e80000)
  to   space 512K, 0% used [0x00000000d5e80000,0x00000000d5e80000,0x00000000d5f00000)
 ParOldGen       total 198656K, used 198448K [0x0000000080000000, 0x000000008c200000, 0x00000000d5580000)
  object space 198656K, 99% used [0x0000000080000000,0x000000008c1cc1b8,0x000000008c200000)
 Metaspace       used 75876K, committed 77568K, reserved 1179648K
  class space    used 7898K, committed 8640K, reserved 1048576K
}
Event: 263.294 GC heap after
{Heap after GC invocations=107 (full 3):
 PSYoungGen      total 6656K, used 512K [0x00000000d5580000, 0x00000000d6200000, 0x0000000100000000)
  eden space 6144K, 0% used [0x00000000d5580000,0x00000000d5580000,0x00000000d5b80000)
  from space 512K, 100% used [0x00000000d5e80000,0x00000000d5f00000,0x00000000d5f00000)
  to   space 3072K, 0% used [0x00000000d5b80000,0x00000000d5b80000,0x00000000d5e80000)
 ParOldGen       total 200704K, used 200394K [0x0000000080000000, 0x000000008c400000, 0x00000000d5580000)
  object space 200704K, 99% used [0x0000000080000000,0x000000008c3b2a68,0x000000008c400000)
 Metaspace       used 75876K, committed 77568K, reserved 1179648K
  class space    used 7898K, committed 8640K, reserved 1048576K
}
Event: 263.634 GC heap before
{Heap before GC invocations=108 (full 3):
 PSYoungGen      total 6656K, used 6656K [0x00000000d5580000, 0x00000000d6200000, 0x0000000100000000)
  eden space 6144K, 100% used [0x00000000d5580000,0x00000000d5b80000,0x00000000d5b80000)
  from space 512K, 100% used [0x00000000d5e80000,0x00000000d5f00000,0x00000000d5f00000)
  to   space 3072K, 0% used [0x00000000d5b80000,0x00000000d5b80000,0x00000000d5e80000)
 ParOldGen       total 200704K, used 200394K [0x0000000080000000, 0x000000008c400000, 0x00000000d5580000)
  object space 200704K, 99% used [0x0000000080000000,0x000000008c3b2a68,0x000000008c400000)
 Metaspace       used 75895K, committed 77568K, reserved 1179648K
  class space    used 7898K, committed 8640K, reserved 1048576K
}
Event: 263.635 GC heap after
{Heap after GC invocations=108 (full 3):
 PSYoungGen      total 8704K, used 2196K [0x00000000d5580000, 0x00000000d6080000, 0x0000000100000000)
  eden space 6144K, 0% used [0x00000000d5580000,0x00000000d5580000,0x00000000d5b80000)
  from space 2560K, 85% used [0x00000000d5b80000,0x00000000d5da5200,0x00000000d5e00000)
  to   space 2560K, 0% used [0x00000000d5e00000,0x00000000d5e00000,0x00000000d6080000)
 ParOldGen       total 201216K, used 200946K [0x0000000080000000, 0x000000008c480000, 0x00000000d5580000)
  object space 201216K, 99% used [0x0000000080000000,0x000000008c43ca68,0x000000008c480000)
 Metaspace       used 75895K, committed 77568K, reserved 1179648K
  class space    used 7898K, committed 8640K, reserved 1048576K
}
Event: 263.663 GC heap before
{Heap before GC invocations=109 (full 3):
 PSYoungGen      total 8704K, used 8340K [0x00000000d5580000, 0x00000000d6080000, 0x0000000100000000)
  eden space 6144K, 99% used [0x00000000d5580000,0x00000000d5b7ff60,0x00000000d5b80000)
  from space 2560K, 85% used [0x00000000d5b80000,0x00000000d5da5200,0x00000000d5e00000)
  to   space 2560K, 0% used [0x00000000d5e00000,0x00000000d5e00000,0x00000000d6080000)
 ParOldGen       total 201216K, used 200946K [0x0000000080000000, 0x000000008c480000, 0x00000000d5580000)
  object space 201216K, 99% used [0x0000000080000000,0x000000008c43ca68,0x000000008c480000)
 Metaspace       used 75955K, committed 77632K, reserved 1179648K
  class space    used 7899K, committed 8640K, reserved 1048576K
}
Event: 263.665 GC heap after
{Heap after GC invocations=109 (full 3):
 PSYoungGen      total 7168K, used 832K [0x00000000d5580000, 0x00000000d5f00000, 0x0000000100000000)
  eden space 6144K, 0% used [0x00000000d5580000,0x00000000d5580000,0x00000000d5b80000)
  from space 1024K, 81% used [0x00000000d5e00000,0x00000000d5ed0000,0x00000000d5f00000)
  to   space 1536K, 0% used [0x00000000d5c00000,0x00000000d5c00000,0x00000000d5d80000)
 ParOldGen       total 203264K, used 202981K [0x0000000080000000, 0x000000008c680000, 0x00000000d5580000)
  object space 203264K, 99% used [0x0000000080000000,0x000000008c639768,0x000000008c680000)
 Metaspace       used 75955K, committed 77632K, reserved 1179648K
  class space    used 7899K, committed 8640K, reserved 1048576K
}
Event: 263.696 GC heap before
{Heap before GC invocations=110 (full 3):
 PSYoungGen      total 7168K, used 6976K [0x00000000d5580000, 0x00000000d5f00000, 0x0000000100000000)
  eden space 6144K, 100% used [0x00000000d5580000,0x00000000d5b80000,0x00000000d5b80000)
  from space 1024K, 81% used [0x00000000d5e00000,0x00000000d5ed0000,0x00000000d5f00000)
  to   space 1536K, 0% used [0x00000000d5c00000,0x00000000d5c00000,0x00000000d5d80000)
 ParOldGen       total 203264K, used 202981K [0x0000000080000000, 0x000000008c680000, 0x00000000d5580000)
  object space 203264K, 99% used [0x0000000080000000,0x000000008c639768,0x000000008c680000)
 Metaspace       used 75981K, committed 77632K, reserved 1179648K
  class space    used 7899K, committed 8640K, reserved 1048576K
}
Event: 263.697 GC heap after
{Heap after GC invocations=110 (full 3):
 PSYoungGen      total 7680K, used 1410K [0x00000000d5580000, 0x00000000d5e80000, 0x0000000100000000)
  eden space 6144K, 0% used [0x00000000d5580000,0x00000000d5580000,0x00000000d5b80000)
  from space 1536K, 91% used [0x00000000d5c00000,0x00000000d5d60890,0x00000000d5d80000)
  to   space 1024K, 0% used [0x00000000d5d80000,0x00000000d5d80000,0x00000000d5e80000)
 ParOldGen       total 203776K, used 203609K [0x0000000080000000, 0x000000008c700000, 0x00000000d5580000)
  object space 203776K, 99% used [0x0000000080000000,0x000000008c6d6568,0x000000008c700000)
 Metaspace       used 75981K, committed 77632K, reserved 1179648K
  class space    used 7899K, committed 8640K, reserved 1048576K
}
Event: 24834.549 GC heap before
{Heap before GC invocations=111 (full 3):
 PSYoungGen      total 7680K, used 7554K [0x00000000d5580000, 0x00000000d5e80000, 0x0000000100000000)
  eden space 6144K, 100% used [0x00000000d5580000,0x00000000d5b80000,0x00000000d5b80000)
  from space 1536K, 91% used [0x00000000d5c00000,0x00000000d5d60890,0x00000000d5d80000)
  to   space 1024K, 0% used [0x00000000d5d80000,0x00000000d5d80000,0x00000000d5e80000)
 ParOldGen       total 203776K, used 203609K [0x0000000080000000, 0x000000008c700000, 0x00000000d5580000)
  object space 203776K, 99% used [0x0000000080000000,0x000000008c6d6568,0x000000008c700000)
 Metaspace       used 76153K, committed 77824K, reserved 1179648K
  class space    used 7900K, committed 8640K, reserved 1048576K
}
Event: 24834.656 GC heap after
{Heap after GC invocations=111 (full 3):
 PSYoungGen      total 6656K, used 384K [0x00000000d5580000, 0x00000000d5e00000, 0x0000000100000000)
  eden space 6144K, 0% used [0x00000000d5580000,0x00000000d5580000,0x00000000d5b80000)
  from space 512K, 75% used [0x00000000d5d80000,0x00000000d5de0000,0x00000000d5e00000)
  to   space 1024K, 0% used [0x00000000d5c00000,0x00000000d5c00000,0x00000000d5d00000)
 ParOldGen       total 203776K, used 203745K [0x0000000080000000, 0x000000008c700000, 0x00000000d5580000)
  object space 203776K, 99% used [0x0000000080000000,0x000000008c6f8568,0x000000008c700000)
 Metaspace       used 76153K, committed 77824K, reserved 1179648K
  class space    used 7900K, committed 8640K, reserved 1048576K
}

